Copyright 1986-2018 Xilinx, Inc. All Rights Reserved.
--------------------------------------------------------------------------------------------------------------------------------------------------------------------------------------
| Tool Version : Vivado v.2018.2 (win64) Build 2258646 Thu Jun 14 20:03:12 MDT 2018
| Date         : Mon Dec 13 17:12:33 2021
| Host         : LAPTOP-V3LU2TCI running 64-bit major release  (build 9200)
| Command      : report_methodology -file design_1_wrapper_methodology_drc_routed.rpt -pb design_1_wrapper_methodology_drc_routed.pb -rpx design_1_wrapper_methodology_drc_routed.rpx
| Design       : design_1_wrapper
| Device       : xc7z020clg484-1
| Speed File   : -1
| Design State : Routed
--------------------------------------------------------------------------------------------------------------------------------------------------------------------------------------

Report Methodology

Table of Contents
-----------------
1. REPORT SUMMARY
2. REPORT DETAILS

1. REPORT SUMMARY
-----------------
            Netlist: netlist
          Floorplan: design_1
      Design limits: <entire design considered>
             Max violations: <unlimited>
             Violations found: 11
+-----------+----------+-------------------------------------------------+------------+
| Rule      | Severity | Description                                     | Violations |
+-----------+----------+-------------------------------------------------+------------+
| PDRC-190  | Warning  | Suboptimally placed synchronized register chain | 1          |
| TIMING-18 | Warning  | Missing input or output delay                   | 8          |
| XDCB-5    | Warning  | Runtime inefficient way to find pin objects     | 2          |
+-----------+----------+-------------------------------------------------+------------+

2. REPORT DETAILS
-----------------
PDRC-190#1 Warning
Suboptimally placed synchronized register chain  
The FDRE cell design_1_i/PmodGYRO_0/inst/axi_quad_spi_0/U0/NO_DUAL_QUAD_MODE.QSPI_NORMAL/QSPI_LEGACY_MD_GEN.QSPI_CORE_INTERFACE_I/FIFO_EXISTS.CLK_CROSS_I/LOGIC_GENERATION_CDC.RX_FIFO_RST_AX2S_1/GENERATE_LEVEL_P_S_CDC.SINGLE_BIT.CROSS_PLEVEL_IN2SCNDRY_IN_cdc_to in site SLICE_X42Y87 is part of a synchronized register chain that is suboptimally placed as the load FDRE cell design_1_i/PmodGYRO_0/inst/axi_quad_spi_0/U0/NO_DUAL_QUAD_MODE.QSPI_NORMAL/QSPI_LEGACY_MD_GEN.QSPI_CORE_INTERFACE_I/FIFO_EXISTS.CLK_CROSS_I/LOGIC_GENERATION_CDC.RX_FIFO_RST_AX2S_1_CDC_1 is not placed in the same (SLICE) site.
Related violations: <none>

TIMING-18#1 Warning
Missing input or output delay  
An input delay is missing on jc_pin10_io relative to clock(s) clk_fpga_0
Related violations: <none>

TIMING-18#2 Warning
Missing input or output delay  
An input delay is missing on jc_pin1_io relative to clock(s) clk_fpga_0
Related violations: <none>

TIMING-18#3 Warning
Missing input or output delay  
An input delay is missing on jc_pin2_io relative to clock(s) clk_fpga_0
Related violations: <none>

TIMING-18#4 Warning
Missing input or output delay  
An input delay is missing on jc_pin3_io relative to clock(s) clk_fpga_0
Related violations: <none>

TIMING-18#5 Warning
Missing input or output delay  
An input delay is missing on jc_pin4_io relative to clock(s) clk_fpga_0
Related violations: <none>

TIMING-18#6 Warning
Missing input or output delay  
An input delay is missing on jc_pin7_io relative to clock(s) clk_fpga_0
Related violations: <none>

TIMING-18#7 Warning
Missing input or output delay  
An input delay is missing on jc_pin8_io relative to clock(s) clk_fpga_0
Related violations: <none>

TIMING-18#8 Warning
Missing input or output delay  
An input delay is missing on jc_pin9_io relative to clock(s) clk_fpga_0
Related violations: <none>

XDCB-5#1 Warning
Runtime inefficient way to find pin objects  
The option '-to : [get_pins -hierarchical -filter {NAME =~*QSPI_CORE_INTERFACE_I/FIFO_EXISTS.CLK_CROSS_I/LOGIC_GENERATION_CDC.SPISEL_PULSE_S2AX_1_CDC/D}]' of constraint 'set_false_path' uses inefficient query to find pin objects (see constraint position '5' in the Timing Constraint window in Vivado IDE). To reduce runtime, it is recommended to get the pins through the cell objects. Please refer to Using Constraints Guide (Constraints Efficiency). An example of optimal query is: get_pins -filter {REF_PIN_NAME=~yy*} -of_objects [get_cells -hierarchical xx*].
Current XDC: d:/FPGA/pmodhygro/pmodhygro.srcs/sources_1/bd/design_1/ip/design_1_PmodGYRO_0_0/src/PmodGYRO_axi_quad_spi_0_0/PmodGYRO_axi_quad_spi_0_0.xdc (Line: 49)
Related violations: <none>

XDCB-5#2 Warning
Runtime inefficient way to find pin objects  
The option '-to : [get_pins -hierarchical -filter {NAME =~*RESET_SYNC_AXI_SPI_CLK_INST/RESET_SYNC_AX2S_1/D}]' of constraint 'set_false_path' uses inefficient query to find pin objects (see constraint position '4' in the Timing Constraint window in Vivado IDE). To reduce runtime, it is recommended to get the pins through the cell objects. Please refer to Using Constraints Guide (Constraints Efficiency). An example of optimal query is: get_pins -filter {REF_PIN_NAME=~yy*} -of_objects [get_cells -hierarchical xx*].
Current XDC: d:/FPGA/pmodhygro/pmodhygro.srcs/sources_1/bd/design_1/ip/design_1_PmodGYRO_0_0/src/PmodGYRO_axi_quad_spi_0_0/PmodGYRO_axi_quad_spi_0_0.xdc (Line: 48)
Related violations: <none>


