17:15:41 INFO  : Registering command handlers for SDK TCF services
17:15:43 INFO  : Launching XSCT server: xsct.bat -interactive D:\FPGA\pmodhygro\pmodhygro.sdk\temp_xsdb_launch_script.tcl
17:15:52 INFO  : XSCT server has started successfully.
17:15:52 INFO  : Successfully done setting XSCT server connection channel  
17:15:53 INFO  : Successfully done setting SDK workspace  
17:15:53 INFO  : Processing command line option -hwspec D:/FPGA/pmodhygro/pmodhygro.sdk/design_1_wrapper.hdf.
17:19:49 INFO  : Connected to target on host '127.0.0.1' and port '3121'.
17:19:50 INFO  : 'targets -set -filter {jtag_cable_name =~ "Digilent Zed 210248493159" && level==0} -index 1' command is executed.
17:19:53 INFO  : FPGA configured successfully with bitstream "D:/FPGA/pmodhygro/pmodhygro.sdk/design_1_wrapper_hw_platform_0/design_1_wrapper.bit"
17:20:03 INFO  : 'targets -set -filter {jtag_cable_name =~ "Digilent Zed 210248493159" && level==0} -index 1' command is executed.
17:20:03 INFO  : 'fpga -state' command is executed.
17:20:03 INFO  : Connected to target on host '127.0.0.1' and port '3121'.
17:20:04 INFO  : Jtag cable 'Digilent Zed 210248493159' is selected.
17:20:04 INFO  : 'jtag frequency' command is executed.
17:20:04 INFO  : Sourcing of 'D:/FPGA/pmodhygro/pmodhygro.sdk/design_1_wrapper_hw_platform_0/ps7_init.tcl' is done.
17:20:04 INFO  : Context for 'APU' is selected.
17:20:04 INFO  : Hardware design information is loaded from 'D:/FPGA/pmodhygro/pmodhygro.sdk/design_1_wrapper_hw_platform_0/system.hdf'.
17:20:04 INFO  : 'configparams force-mem-access 1' command is executed.
17:20:04 INFO  : Context for 'APU' is selected.
17:20:05 INFO  : 'stop' command is executed.
17:20:06 INFO  : 'ps7_init' command is executed.
17:20:06 INFO  : 'ps7_post_config' command is executed.
17:20:06 INFO  : Context for processor 'ps7_cortexa9_0' is selected.
17:20:06 INFO  : Processor reset is completed for 'ps7_cortexa9_0'.
17:20:06 INFO  : Context for processor 'ps7_cortexa9_0' is selected.
17:20:06 INFO  : The application 'D:/FPGA/pmodhygro/pmodhygro.sdk/pmod/Debug/pmod.elf' is downloaded to processor 'ps7_cortexa9_0'.
17:20:06 INFO  : 'configparams force-mem-access 0' command is executed.
17:20:06 INFO  : ----------------XSDB Script----------------
connect -url tcp:127.0.0.1:3121
source D:/FPGA/pmodhygro/pmodhygro.sdk/design_1_wrapper_hw_platform_0/ps7_init.tcl
targets -set -nocase -filter {name =~"APU*" && jtag_cable_name =~ "Digilent Zed 210248493159"} -index 0
loadhw -hw D:/FPGA/pmodhygro/pmodhygro.sdk/design_1_wrapper_hw_platform_0/system.hdf -mem-ranges [list {0x40000000 0xbfffffff}]
configparams force-mem-access 1
targets -set -nocase -filter {name =~"APU*" && jtag_cable_name =~ "Digilent Zed 210248493159"} -index 0
stop
ps7_init
ps7_post_config
targets -set -nocase -filter {name =~ "ARM*#0" && jtag_cable_name =~ "Digilent Zed 210248493159"} -index 0
rst -processor
targets -set -nocase -filter {name =~ "ARM*#0" && jtag_cable_name =~ "Digilent Zed 210248493159"} -index 0
dow D:/FPGA/pmodhygro/pmodhygro.sdk/pmod/Debug/pmod.elf
configparams force-mem-access 0
----------------End of Script----------------

17:20:06 INFO  : Memory regions updated for context APU
17:20:07 INFO  : Context for processor 'ps7_cortexa9_0' is selected.
17:20:07 INFO  : 'con' command is executed.
17:20:07 INFO  : ----------------XSDB Script (After Launch)----------------
targets -set -nocase -filter {name =~ "ARM*#0" && jtag_cable_name =~ "Digilent Zed 210248493159"} -index 0
con
----------------End of Script----------------

17:20:07 INFO  : Launch script is exported to file 'D:\FPGA\pmodhygro\pmodhygro.sdk\.sdk\launch_scripts\xilinx_c-c++_application_(system_debugger)\system_debugger_using_debug_pmod.elf_on_local.tcl'
17:22:42 INFO  : Disconnected from the channel tcfchan#1.
